2015-02-13 08:58:47 GET{"cmd":"ShowOrderInfo","token":"undefined"}
2015-02-13 08:58:47 GET{"cmd":"Order","cond":[{"field":"userid","value":"?userid","operator":"eq"}],"filter":["id","code","products","shipdate","consigneeid","paymentid","transportid","billtypeid","billid","billcontentid","carriagecharge","time","stateid","note"],"params":{"products":["id","orderid","proid","number","price","returnnow","modlcharge","moldingnumber","drynumber","firingnumber","packagenumber","evalid","feelid"]}}
2015-02-13 08:58:47 GET{"cmd":"Qiye","cond":[{"field":"id","value":"1","operator":"eq"}],"filter":["id","names","domain","qq","tel","fax","addresses","email","techid","busiid","introductions","icp"],"token":"pbpfpgmcsrqs7v1humm4sl5bk1"}
2015-02-13 08:58:47 GET{"cmd":"Navigation","filter":["id","names","command"],"token":"pbpfpgmcsrqs7v1humm4sl5bk1"}
2015-02-13 08:58:47 GET{"cmd":"Language","filter":["id","name_en"],"token":"pbpfpgmcsrqs7v1humm4sl5bk1"}
2015-02-13 08:58:48 GET{"cmd":"Currency","filter":["id","names","abbreviation","symbol","exchangerate"],"token":"pbpfpgmcsrqs7v1humm4sl5bk1"}
2015-02-13 08:58:48 GET{"cmd":"Province","filter":["id","name"]}
2015-02-13 08:58:48 GET{"cmd":"Product","filter":["id","longname","size","picture","price","unit","amount","weight"],"cond":[{"field":"id","value":["1","2"],"operator":"in"}]}
2015-02-13 08:58:48 GET{"cmd":"Bill","filter":["id","name"]}
2015-02-13 08:58:48 GET{"cmd":"BillFree","cond":[{"field":"userid","value":"?","operator":"eq"}],"filter":["id","name"],"token":""}
2015-02-13 08:58:48 GET{"cmd":"BillSale","cond":[{"field":"userid","value":"?","operator":"eq"}],"filter":["id","name","address","tel","duty","bank","account"]}
2015-02-13 08:58:48 GET{"cmd":"BillContent","filter":["id","name"]}
2015-02-13 08:58:48 GET{"cmd":"Payment","filter":["id","name","note","url","urltext"]}
2015-02-13 08:58:48 GET{"cmd":"Transport","filter":["id","name","note","charges"]}
2015-02-13 08:58:48 GET{"cmd":"Consignee","cond":[{"field":"userid","value":"?","operator":"eq"}],"filter":["id","name","province","city","zone","address","email","mobile","tel","postcard"],"token":"pbpfpgmcsrqs7v1humm4sl5bk1"}
2015-02-13 08:59:49 GET{"cmd":"ShowHome"}
2015-02-13 08:59:49 GET{"cmd":"Order","cond":[{"field":"userid","value":"?userid","operator":"eq"}],"filter":["id","code","products","shipdate","consigneeid","paymentid","transportid","billtypeid","billid","billcontentid","carriagecharge","time","stateid","note"],"params":{"products":["id","orderid","proid","number","price","returnnow","modlcharge","moldingnumber","drynumber","firingnumber","packagenumber","evalid","feelid"]}}
2015-02-13 08:59:49 GET{"cmd":"GetLogId","token":"pbpfpgmcsrqs7v1humm4sl5bk1"}
2015-02-13 08:59:49 GET{"cmd":"Language","filter":["id","name_en"],"token":"pbpfpgmcsrqs7v1humm4sl5bk1"}
2015-02-13 08:59:50 GET{"cmd":"Product","filter":["id","classid","size","picture"],"cond":[{"field":"homeshow","value":"Y","operator":"eq"}],"token":"pbpfpgmcsrqs7v1humm4sl5bk1"}
2015-02-13 08:59:50 GET{"cmd":"Currency","filter":["id","names","abbreviation","symbol","exchangerate"],"token":"pbpfpgmcsrqs7v1humm4sl5bk1"}
2015-02-13 08:59:50 GET{"cmd":"ProductClass","filter":["id","parentid","names","introductions"],"token":"pbpfpgmcsrqs7v1humm4sl5bk1"}
2015-02-13 08:59:50 GET{"cmd":"Qiye","cond":[{"field":"id","value":"1","operator":"eq"}],"filter":["id","names","domain","qq","tel","fax","addresses","email","techid","busiid","introductions","icp"],"token":"pbpfpgmcsrqs7v1humm4sl5bk1"}
2015-02-13 08:59:50 GET{"cmd":"Navigation","filter":["id","names","command"],"token":"pbpfpgmcsrqs7v1humm4sl5bk1"}
2015-02-13 08:59:50 GET{"cmd":"News","filter":["id","titles","contents","time"],"token":"pbpfpgmcsrqs7v1humm4sl5bk1"}
2015-02-13 08:59:50 GET{"cmd":"Link","filter":["id","names","url"],"token":"pbpfpgmcsrqs7v1humm4sl5bk1"}
2015-02-13 08:59:52 POST{"cmd":"Logout","user":"liuxingming2","action":"custom_logout","token":""}
2015-02-13 08:59:52 GET{"cmd":"VerifyStatus","token":"pbpfpgmcsrqs7v1humm4sl5bk1"}
2015-02-13 09:00:11 POST{"cmd":"CheckLogin","username":"liuxingming2","pwd":"lxm@home","code":"3336","action":"custom_login","token":"user_token"}
2015-02-13 09:00:11 46
2015-02-13 09:00:11 46
2015-02-13 09:00:11 POST{"cmd":"CheckLogin","username":"liuxingming2","pwd":"lxm@home","code":"3336","action":"custom_login","token":"user_token"}
2015-02-13 09:00:23 GET{"cmd":"ShowOrder","token":"pbpfpgmcsrqs7v1humm4sl5bk1"}
2015-02-13 09:00:24 GET{"cmd":"Order","cond":[{"field":"userid","value":"?userid","operator":"eq"}],"filter":["id","code","products","shipdate","consigneeid","paymentid","transportid","billtypeid","billid","billcontentid","carriagecharge","stateid","note"],"params":{"products":["id","proid","number","price","returnnow","evalid","feelid"]}}
2015-02-13 09:00:24 GET{"cmd":"Language","filter":["id","name_en"],"token":"pbpfpgmcsrqs7v1humm4sl5bk1"}
2015-02-13 09:00:24 GET{"cmd":"Qiye","cond":[{"field":"id","value":"1","operator":"eq"}],"filter":["id","names","domain","qq","tel","fax","addresses","email","techid","busiid","introductions","icp"],"token":"pbpfpgmcsrqs7v1humm4sl5bk1"}
2015-02-13 09:00:24 GET{"cmd":"Navigation","filter":["id","names","command"],"token":"pbpfpgmcsrqs7v1humm4sl5bk1"}
2015-02-13 09:00:24 GET{"cmd":"Currency","filter":["id","names","abbreviation","symbol","exchangerate"],"token":"pbpfpgmcsrqs7v1humm4sl5bk1"}
2015-02-13 09:00:24 GET{"cmd":"Product","filter":["id","classid","size","length","width","think","unitlen","unitwid","unitthi","picture","unit","sharp","weight","price","returnnow","amount","cansale","physicoindex","chemicalindex"],"token":"pbpfpgmcsrqs7v1humm4sl5bk1"}
2015-02-13 09:00:24 GET{"cmd":"ProductClass","filter":["id","parentid","names","introductions","picture"],"token":"pbpfpgmcsrqs7v1humm4sl5bk1"}
2015-02-13 09:00:24 GET{"cmd":"Order","cond":[{"field":"userid","value":"?userid","operator":"eq"}],"filter":["id","code","products","shipdate","consigneeid","paymentid","transportid","billtypeid","billid","billcontentid","carriagecharge","stateid","note"],"params":{"products":["id","proid","number","price","returnnow","evalid","feelid"]}}
2015-02-13 09:00:33 GET{"cmd":"ShowOrderInfo","token":"undefined"}
2015-02-13 09:00:33 GET{"cmd":"Order","cond":[{"field":"userid","value":"?userid","operator":"eq"}],"filter":["id","code","products","shipdate","consigneeid","paymentid","transportid","billtypeid","billid","billcontentid","carriagecharge","time","stateid","note"],"params":{"products":["id","orderid","proid","number","price","returnnow","modlcharge","moldingnumber","drynumber","firingnumber","packagenumber","evalid","feelid"]}}
2015-02-13 09:00:34 GET{"cmd":"Qiye","cond":[{"field":"id","value":"1","operator":"eq"}],"filter":["id","names","domain","qq","tel","fax","addresses","email","techid","busiid","introductions","icp"],"token":"pbpfpgmcsrqs7v1humm4sl5bk1"}
2015-02-13 09:00:34 GET{"cmd":"Navigation","filter":["id","names","command"],"token":"pbpfpgmcsrqs7v1humm4sl5bk1"}
2015-02-13 09:00:34 GET{"cmd":"Language","filter":["id","name_en"],"token":"pbpfpgmcsrqs7v1humm4sl5bk1"}
2015-02-13 09:00:34 GET{"cmd":"Currency","filter":["id","names","abbreviation","symbol","exchangerate"],"token":"pbpfpgmcsrqs7v1humm4sl5bk1"}
2015-02-13 09:00:34 GET{"cmd":"Province","filter":["id","name"]}
2015-02-13 09:00:34 GET{"cmd":"Product","filter":["id","longname","size","picture","price","unit","amount","weight"],"cond":[{"field":"id","value":["1","2"],"operator":"in"}]}
2015-02-13 09:00:34 GET{"cmd":"Bill","filter":["id","name"]}
2015-02-13 09:00:35 GET{"cmd":"BillFree","cond":[{"field":"userid","value":"?","operator":"eq"}],"filter":["id","name"],"token":""}
2015-02-13 09:00:35 GET{"cmd":"BillSale","cond":[{"field":"userid","value":"?","operator":"eq"}],"filter":["id","name","address","tel","duty","bank","account"]}
2015-02-13 09:00:35 GET{"cmd":"BillContent","filter":["id","name"]}
2015-02-13 09:00:35 GET{"cmd":"Payment","filter":["id","name","note","url","urltext"]}
2015-02-13 09:00:35 GET{"cmd":"Transport","filter":["id","name","note","charges"]}
2015-02-13 09:00:35 GET{"cmd":"Consignee","cond":[{"field":"userid","value":"?","operator":"eq"}],"filter":["id","name","province","city","zone","address","email","mobile","tel","postcard"],"token":"pbpfpgmcsrqs7v1humm4sl5bk1"}
2015-02-13 09:02:48 GET{"cmd":"ShowOrderInfo","token":"undefined"}
2015-02-13 09:02:48 GET{"cmd":"Order","cond":[{"field":"userid","value":"?userid","operator":"eq"}],"filter":["id","code","products","shipdate","consigneeid","paymentid","transportid","billtypeid","billid","billcontentid","carriagecharge","time","stateid","note"],"params":{"products":["id","orderid","proid","number","price","returnnow","modlcharge","moldingnumber","drynumber","firingnumber","packagenumber","evalid","feelid"]}}
2015-02-13 09:02:48 GET{"cmd":"Qiye","cond":[{"field":"id","value":"1","operator":"eq"}],"filter":["id","names","domain","qq","tel","fax","addresses","email","techid","busiid","introductions","icp"],"token":"pbpfpgmcsrqs7v1humm4sl5bk1"}
2015-02-13 09:02:48 GET{"cmd":"Navigation","filter":["id","names","command"],"token":"pbpfpgmcsrqs7v1humm4sl5bk1"}
2015-02-13 09:02:49 GET{"cmd":"Language","filter":["id","name_en"],"token":"pbpfpgmcsrqs7v1humm4sl5bk1"}
2015-02-13 09:02:49 GET{"cmd":"Currency","filter":["id","names","abbreviation","symbol","exchangerate"],"token":"pbpfpgmcsrqs7v1humm4sl5bk1"}
2015-02-13 09:02:49 GET{"cmd":"Province","filter":["id","name"]}
2015-02-13 09:02:49 GET{"cmd":"Product","filter":["id","longname","size","picture","price","unit","amount","weight"],"cond":[{"field":"id","value":["1","2"],"operator":"in"}]}
2015-02-13 09:02:49 GET{"cmd":"Bill","filter":["id","name"]}
2015-02-13 09:02:49 GET{"cmd":"BillFree","cond":[{"field":"userid","value":"?","operator":"eq"}],"filter":["id","name"],"token":""}
2015-02-13 09:02:49 GET{"cmd":"BillSale","cond":[{"field":"userid","value":"?","operator":"eq"}],"filter":["id","name","address","tel","duty","bank","account"]}
2015-02-13 09:02:49 GET{"cmd":"BillContent","filter":["id","name"]}
2015-02-13 09:02:49 GET{"cmd":"Payment","filter":["id","name","note","url","urltext"]}
2015-02-13 09:02:49 GET{"cmd":"Transport","filter":["id","name","note","charges"]}
2015-02-13 09:02:50 GET{"cmd":"Consignee","cond":[{"field":"userid","value":"?userid","operator":"eq"}],"filter":["id","name","province","city","zone","address","email","mobile","tel","postcard"],"token":"pbpfpgmcsrqs7v1humm4sl5bk1"}
2015-02-13 09:02:50 GET{"cmd":"City","filter":["id","name"],"cond":[{"field":"id","value":"3200","operator":"ge"},{"field":"id","value":"3299","operator":"le"}]}
2015-02-13 09:02:50 GET{"cmd":"District","filter":["id","name"],"cond":[{"field":"id","value":"320700","operator":"ge"},{"field":"id","value":"320799","operator":"le"}]}
2015-02-13 10:32:41 GET{"cmd":"ShowOrderInfo","token":"undefined"}
2015-02-13 10:32:41 GET{"cmd":"Order","cond":[{"field":"userid","value":"?userid","operator":"eq"}],"filter":["id","code","products","shipdate","consigneeid","paymentid","transportid","billtypeid","billid","billcontentid","carriagecharge","time","stateid","note"],"params":{"products":["id","orderid","proid","number","price","returnnow","modlcharge","moldingnumber","drynumber","firingnumber","packagenumber","evalid","feelid"]}}
2015-02-13 12:24:07 GET{"cmd":"ShowOrderInfo","token":"undefined"}
2015-02-13 12:24:08 GET{"cmd":"Order","cond":[{"field":"userid","value":"?userid","operator":"eq"}],"filter":["id","code","products","shipdate","consigneeid","paymentid","transportid","billtypeid","billid","billcontentid","carriagecharge","time","stateid","note"],"params":{"products":["id","orderid","proid","number","price","returnnow","modlcharge","moldingnumber","drynumber","firingnumber","packagenumber","evalid","feelid"]}}
2015-02-13 12:24:08 GET{"cmd":"Qiye","cond":[{"field":"id","value":"1","operator":"eq"}],"filter":["id","names","domain","qq","tel","fax","addresses","email","techid","busiid","introductions","icp"],"token":"pbpfpgmcsrqs7v1humm4sl5bk1"}
2015-02-13 12:24:08 GET{"cmd":"Navigation","filter":["id","names","command"],"token":"pbpfpgmcsrqs7v1humm4sl5bk1"}
2015-02-13 12:24:08 GET{"cmd":"Language","filter":["id","name_en"],"token":"pbpfpgmcsrqs7v1humm4sl5bk1"}
2015-02-13 12:24:08 GET{"cmd":"Currency","filter":["id","names","abbreviation","symbol","exchangerate"],"token":"pbpfpgmcsrqs7v1humm4sl5bk1"}
2015-02-13 12:24:08 GET{"cmd":"Province","filter":["id","name"]}
2015-02-13 12:24:09 GET{"cmd":"Product","filter":["id","longname","size","picture","price","unit","amount","weight"],"cond":[{"field":"id","value":["1","2"],"operator":"in"}]}
2015-02-13 12:24:09 GET{"cmd":"Bill","filter":["id","name"]}
2015-02-13 12:24:09 GET{"cmd":"BillFree","cond":[{"field":"userid","value":"?","operator":"eq"}],"filter":["id","name"],"token":""}
2015-02-13 12:24:09 GET{"cmd":"BillSale","cond":[{"field":"userid","value":"?","operator":"eq"}],"filter":["id","name","address","tel","duty","bank","account"]}
2015-02-13 12:24:09 GET{"cmd":"BillContent","filter":["id","name"]}
2015-02-13 12:24:09 GET{"cmd":"Payment","filter":["id","name","note","url","urltext"]}
2015-02-13 12:24:09 GET{"cmd":"Transport","filter":["id","name","note","charges"]}
2015-02-13 12:25:42 GET{"cmd":"ShowOrderInfo","token":"undefined"}
2015-02-13 12:25:42 GET{"cmd":"Order","cond":[{"field":"userid","value":"?userid","operator":"eq"}],"filter":["id","code","products","shipdate","consigneeid","paymentid","transportid","billtypeid","billid","billcontentid","carriagecharge","time","stateid","note"],"params":{"products":["id","orderid","proid","number","price","returnnow","modlcharge","moldingnumber","drynumber","firingnumber","packagenumber","evalid","feelid"]}}
2015-02-13 12:25:42 GET{"cmd":"Qiye","cond":[{"field":"id","value":"1","operator":"eq"}],"filter":["id","names","domain","qq","tel","fax","addresses","email","techid","busiid","introductions","icp"],"token":"pbpfpgmcsrqs7v1humm4sl5bk1"}
2015-02-13 12:25:43 GET{"cmd":"Navigation","filter":["id","names","command"],"token":"pbpfpgmcsrqs7v1humm4sl5bk1"}
2015-02-13 12:25:43 GET{"cmd":"Language","filter":["id","name_en"],"token":"pbpfpgmcsrqs7v1humm4sl5bk1"}
2015-02-13 12:25:43 GET{"cmd":"Currency","filter":["id","names","abbreviation","symbol","exchangerate"],"token":"pbpfpgmcsrqs7v1humm4sl5bk1"}
2015-02-13 12:25:43 GET{"cmd":"Province","filter":["id","name"]}
2015-02-13 12:25:43 GET{"cmd":"Product","filter":["id","longname","size","picture","price","unit","amount","weight"],"cond":[{"field":"id","value":["1","2"],"operator":"in"}]}
2015-02-13 12:25:43 GET{"cmd":"Bill","filter":["id","name"]}
2015-02-13 12:25:43 GET{"cmd":"BillFree","cond":[{"field":"userid","value":"?","operator":"eq"}],"filter":["id","name"],"token":""}
2015-02-13 12:25:43 GET{"cmd":"BillSale","cond":[{"field":"userid","value":"?","operator":"eq"}],"filter":["id","name","address","tel","duty","bank","account"]}
2015-02-13 12:25:43 GET{"cmd":"BillContent","filter":["id","name"]}
2015-02-13 12:25:43 GET{"cmd":"Payment","filter":["id","name","note","url","urltext"]}
2015-02-13 12:25:44 GET{"cmd":"Transport","filter":["id","name","note","charges"]}
2015-02-13 12:27:21 GET{"cmd":"ShowOrderInfo","token":"undefined"}
2015-02-13 12:27:22 GET{"cmd":"Order","cond":[{"field":"userid","value":"?userid","operator":"eq"}],"filter":["id","code","products","shipdate","consigneeid","paymentid","transportid","billtypeid","billid","billcontentid","carriagecharge","time","stateid","note"],"params":{"products":["id","orderid","proid","number","price","returnnow","modlcharge","moldingnumber","drynumber","firingnumber","packagenumber","evalid","feelid"]}}
2015-02-13 12:27:22 GET{"cmd":"Qiye","cond":[{"field":"id","value":"1","operator":"eq"}],"filter":["id","names","domain","qq","tel","fax","addresses","email","techid","busiid","introductions","icp"],"token":"pbpfpgmcsrqs7v1humm4sl5bk1"}
2015-02-13 12:27:22 GET{"cmd":"Navigation","filter":["id","names","command"],"token":"pbpfpgmcsrqs7v1humm4sl5bk1"}
2015-02-13 12:27:22 GET{"cmd":"Language","filter":["id","name_en"],"token":"pbpfpgmcsrqs7v1humm4sl5bk1"}
2015-02-13 12:27:22 GET{"cmd":"Currency","filter":["id","names","abbreviation","symbol","exchangerate"],"token":"pbpfpgmcsrqs7v1humm4sl5bk1"}
2015-02-13 12:27:22 GET{"cmd":"Province","filter":["id","name"]}
2015-02-13 12:27:23 GET{"cmd":"Product","filter":["id","longname","size","picture","price","unit","amount","weight"],"cond":[{"field":"id","value":["1","2"],"operator":"in"}]}
2015-02-13 12:27:23 GET{"cmd":"Bill","filter":["id","name"]}
2015-02-13 12:27:23 GET{"cmd":"BillFree","cond":[{"field":"userid","value":"?","operator":"eq"}],"filter":["id","name"],"token":""}
2015-02-13 12:27:23 GET{"cmd":"BillSale","cond":[{"field":"userid","value":"?","operator":"eq"}],"filter":["id","name","address","tel","duty","bank","account"]}
2015-02-13 12:27:23 GET{"cmd":"BillContent","filter":["id","name"]}
2015-02-13 12:27:23 GET{"cmd":"Payment","filter":["id","name","note","url","urltext"]}
2015-02-13 12:27:23 GET{"cmd":"Transport","filter":["id","name","note","charges"]}
2015-02-13 12:29:41 GET{"cmd":"ShowOrderInfo","token":"undefined"}
2015-02-13 12:29:41 GET{"cmd":"Order","cond":[{"field":"userid","value":"?userid","operator":"eq"}],"filter":["id","code","products","shipdate","consigneeid","paymentid","transportid","billtypeid","billid","billcontentid","carriagecharge","time","stateid","note"],"params":{"products":["id","orderid","proid","number","price","returnnow","modlcharge","moldingnumber","drynumber","firingnumber","packagenumber","evalid","feelid"]}}
2015-02-13 12:29:41 GET{"cmd":"Qiye","cond":[{"field":"id","value":"1","operator":"eq"}],"filter":["id","names","domain","qq","tel","fax","addresses","email","techid","busiid","introductions","icp"],"token":"pbpfpgmcsrqs7v1humm4sl5bk1"}
2015-02-13 12:29:41 GET{"cmd":"Navigation","filter":["id","names","command"],"token":"pbpfpgmcsrqs7v1humm4sl5bk1"}
2015-02-13 12:29:41 GET{"cmd":"Language","filter":["id","name_en"],"token":"pbpfpgmcsrqs7v1humm4sl5bk1"}
2015-02-13 12:29:41 GET{"cmd":"Currency","filter":["id","names","abbreviation","symbol","exchangerate"],"token":"pbpfpgmcsrqs7v1humm4sl5bk1"}
2015-02-13 12:29:41 GET{"cmd":"Province","filter":["id","name"]}
2015-02-13 12:29:42 GET{"cmd":"Product","filter":["id","longname","size","picture","price","unit","amount","weight"],"cond":[{"field":"id","value":["1","2"],"operator":"in"}]}
2015-02-13 12:29:42 GET{"cmd":"Bill","filter":["id","name"]}
2015-02-13 12:29:42 GET{"cmd":"BillFree","cond":[{"field":"userid","value":"?","operator":"eq"}],"filter":["id","name"],"token":""}
2015-02-13 12:29:42 GET{"cmd":"BillSale","cond":[{"field":"userid","value":"?","operator":"eq"}],"filter":["id","name","address","tel","duty","bank","account"]}
2015-02-13 12:29:42 GET{"cmd":"BillContent","filter":["id","name"]}
2015-02-13 12:29:42 GET{"cmd":"Payment","filter":["id","name","note","url","urltext"]}
2015-02-13 12:29:42 GET{"cmd":"Transport","filter":["id","name","note","charges"]}
2015-02-13 12:29:42 GET{"cmd":"Consignee","cond":[{"field":"userid","value":"?userid","operator":"eq"}],"filter":["id","name","province","city","zone","address","email","mobile","tel","postcard"],"token":"pbpfpgmcsrqs7v1humm4sl5bk1"}
2015-02-13 12:29:42 GET{"cmd":"City","filter":["id","name"],"cond":[{"field":"id","value":"3200","operator":"ge"},{"field":"id","value":"3299","operator":"le"}]}
2015-02-13 12:29:43 GET{"cmd":"District","filter":["id","name"],"cond":[{"field":"id","value":"320700","operator":"ge"},{"field":"id","value":"320799","operator":"le"}]}
2015-02-13 14:06:42 GET{"cmd":"ShowOrderInfo","token":"undefined"}
2015-02-13 14:06:42 GET{"cmd":"Order","cond":[{"field":"userid","value":"?userid","operator":"eq"}],"filter":["id","code","products","shipdate","consigneeid","paymentid","transportid","billtypeid","billid","billcontentid","carriagecharge","time","stateid","note"],"params":{"products":["id","orderid","proid","number","price","returnnow","modlcharge","moldingnumber","drynumber","firingnumber","packagenumber","evalid","feelid"]}}
2015-02-13 14:06:43 GET{"cmd":"Qiye","cond":[{"field":"id","value":"1","operator":"eq"}],"filter":["id","names","domain","qq","tel","fax","addresses","email","techid","busiid","introductions","icp"],"token":"pbpfpgmcsrqs7v1humm4sl5bk1"}
2015-02-13 14:06:43 GET{"cmd":"Navigation","filter":["id","names","command"],"token":"pbpfpgmcsrqs7v1humm4sl5bk1"}
2015-02-13 14:06:43 GET{"cmd":"Language","filter":["id","name_en"],"token":"pbpfpgmcsrqs7v1humm4sl5bk1"}
2015-02-13 14:06:43 GET{"cmd":"Currency","filter":["id","names","abbreviation","symbol","exchangerate"],"token":"pbpfpgmcsrqs7v1humm4sl5bk1"}
2015-02-13 14:06:43 GET{"cmd":"Province","filter":["id","name"]}
2015-02-13 14:06:43 GET{"cmd":"Product","filter":["id","longnames","size","picture","price","unit","amount","weight"],"cond":[{"field":"id","value":["1","2"],"operator":"in"}]}
2015-02-13 14:06:43 GET{"cmd":"Bill","filter":["id","name"]}
2015-02-13 14:06:43 GET{"cmd":"BillFree","cond":[{"field":"userid","value":"?","operator":"eq"}],"filter":["id","name"],"token":""}
2015-02-13 14:06:44 GET{"cmd":"BillSale","cond":[{"field":"userid","value":"?","operator":"eq"}],"filter":["id","name","address","tel","duty","bank","account"]}
2015-02-13 14:06:44 GET{"cmd":"BillContent","filter":["id","name"]}
2015-02-13 14:06:44 GET{"cmd":"Payment","filter":["id","name","note","url","urltext"]}
2015-02-13 14:06:44 GET{"cmd":"Transport","filter":["id","name","note","charges"]}
2015-02-13 14:06:44 GET{"cmd":"Consignee","cond":[{"field":"userid","value":"?userid","operator":"eq"}],"filter":["id","name","province","city","zone","address","email","mobile","tel","postcard"],"token":"pbpfpgmcsrqs7v1humm4sl5bk1"}
2015-02-13 14:06:44 GET{"cmd":"City","filter":["id","name"],"cond":[{"field":"id","value":"3200","operator":"ge"},{"field":"id","value":"3299","operator":"le"}]}
2015-02-13 14:06:44 GET{"cmd":"District","filter":["id","name"],"cond":[{"field":"id","value":"320700","operator":"ge"},{"field":"id","value":"320799","operator":"le"}]}
2015-02-13 15:25:57 GET{"cmd":"ShowOrderInfo","token":"undefined"}
2015-02-13 15:25:58 GET{"cmd":"Order","cond":[{"field":"userid","value":"?userid","operator":"eq"}],"filter":["id","code","products","shipdate","consigneeid","paymentid","transportid","billtypeid","billid","billcontentid","carriagecharge","time","stateid","note"],"params":{"products":["id","orderid","proid","number","price","returnnow","modlcharge","moldingnumber","drynumber","firingnumber","packagenumber","evalid","feelid"]}}
2015-02-13 15:25:59 GET{"cmd":"Qiye","cond":[{"field":"id","value":"1","operator":"eq"}],"filter":["id","names","domain","qq","tel","fax","addresses","email","techid","busiid","introductions","icp"],"token":"pbpfpgmcsrqs7v1humm4sl5bk1"}
2015-02-13 15:25:59 GET{"cmd":"Navigation","filter":["id","names","command"],"token":"pbpfpgmcsrqs7v1humm4sl5bk1"}
2015-02-13 15:25:59 GET{"cmd":"Language","filter":["id","name_en"],"token":"pbpfpgmcsrqs7v1humm4sl5bk1"}
2015-02-13 15:25:59 GET{"cmd":"Currency","filter":["id","names","abbreviation","symbol","exchangerate"],"token":"pbpfpgmcsrqs7v1humm4sl5bk1"}
2015-02-13 15:26:00 GET{"cmd":"Province","filter":["id","name"]}
2015-02-13 15:26:00 GET{"cmd":"Product","filter":["id","longnames","size","picture","price","unit","amount","weight"],"cond":[{"field":"id","value":["1","2"],"operator":"in"}]}
2015-02-13 15:26:00 GET{"cmd":"Bill","filter":["id","name"]}
2015-02-13 15:26:01 GET{"cmd":"BillFree","cond":[{"field":"userid","value":"?","operator":"eq"}],"filter":["id","name"],"token":""}
2015-02-13 15:26:01 GET{"cmd":"BillSale","cond":[{"field":"userid","value":"?","operator":"eq"}],"filter":["id","name","address","tel","duty","bank","account"]}
2015-02-13 15:26:01 GET{"cmd":"BillContent","filter":["id","name"]}
2015-02-13 15:26:01 GET{"cmd":"Payment","filter":["id","name","note","url","urltext"]}
2015-02-13 15:26:01 GET{"cmd":"Transport","filter":["id","name","note","charges"]}
2015-02-13 15:26:01 GET{"cmd":"Consignee","cond":[{"field":"userid","value":"?userid","operator":"eq"}],"filter":["id","name","province","city","zone","address","email","mobile","tel","postcard"],"token":"pbpfpgmcsrqs7v1humm4sl5bk1"}
2015-02-13 15:26:01 GET{"cmd":"City","filter":["id","name"],"cond":[{"field":"id","value":"3200","operator":"ge"},{"field":"id","value":"3299","operator":"le"}]}
2015-02-13 15:26:02 GET{"cmd":"District","filter":["id","name"],"cond":[{"field":"id","value":"320700","operator":"ge"},{"field":"id","value":"320799","operator":"le"}]}
2015-02-13 15:50:18 GET{"cmd":"ShowOrderInfo","token":"undefined"}
2015-02-13 15:50:19 GET{"cmd":"Order","cond":[{"field":"userid","value":"?userid","operator":"eq"}],"filter":["id","code","products","shipdate","consigneeid","paymentid","transportid","billtypeid","billid","billcontentid","carriagecharge","time","stateid","note"],"params":{"products":["id","orderid","proid","number","price","returnnow","modlcharge","moldingnumber","drynumber","firingnumber","packagenumber","evalid","feelid"]}}
2015-02-13 15:50:19 GET{"cmd":"Qiye","cond":[{"field":"id","value":"1","operator":"eq"}],"filter":["id","names","domain","qq","tel","fax","addresses","email","techid","busiid","introductions","icp"],"token":"pbpfpgmcsrqs7v1humm4sl5bk1"}
2015-02-13 15:50:19 GET{"cmd":"Navigation","filter":["id","names","command"],"token":"pbpfpgmcsrqs7v1humm4sl5bk1"}
2015-02-13 15:50:19 GET{"cmd":"Language","filter":["id","name_en"],"token":"pbpfpgmcsrqs7v1humm4sl5bk1"}
2015-02-13 15:50:19 GET{"cmd":"Currency","filter":["id","names","abbreviation","symbol","exchangerate"],"token":"pbpfpgmcsrqs7v1humm4sl5bk1"}
2015-02-13 15:50:19 GET{"cmd":"Province","filter":["id","name"]}
2015-02-13 15:50:19 GET{"cmd":"Product","filter":["id","longnames","size","picture","price","unit","amount","weight"],"cond":[{"field":"id","value":["1","2"],"operator":"in"}]}
2015-02-13 15:50:19 GET{"cmd":"Bill","filter":["id","name"]}
2015-02-13 15:50:20 GET{"cmd":"BillFree","cond":[{"field":"userid","value":"?","operator":"eq"}],"filter":["id","name"],"token":""}
2015-02-13 15:50:20 GET{"cmd":"BillSale","cond":[{"field":"userid","value":"?","operator":"eq"}],"filter":["id","name","address","tel","duty","bank","account"]}
2015-02-13 15:50:20 GET{"cmd":"BillContent","filter":["id","name"]}
2015-02-13 15:50:20 GET{"cmd":"Payment","filter":["id","name","note","url","urltext"]}
2015-02-13 15:50:20 GET{"cmd":"Transport","filter":["id","name","note","charges"]}
2015-02-13 15:53:47 GET{"cmd":"ShowOrderInfo","token":"undefined"}
2015-02-13 15:53:47 GET{"cmd":"Order","cond":[{"field":"userid","value":"?userid","operator":"eq"}],"filter":["id","code","products","shipdate","consigneeid","paymentid","transportid","billtypeid","billid","billcontentid","carriagecharge","time","stateid","note"],"params":{"products":["id","orderid","proid","number","price","returnnow","modlcharge","moldingnumber","drynumber","firingnumber","packagenumber","evalid","feelid"]}}
2015-02-13 15:53:47 GET{"cmd":"Qiye","cond":[{"field":"id","value":"1","operator":"eq"}],"filter":["id","names","domain","qq","tel","fax","addresses","email","techid","busiid","introductions","icp"],"token":"pbpfpgmcsrqs7v1humm4sl5bk1"}
2015-02-13 15:53:47 GET{"cmd":"Navigation","filter":["id","names","command"],"token":"pbpfpgmcsrqs7v1humm4sl5bk1"}
2015-02-13 15:53:47 GET{"cmd":"Language","filter":["id","name_en"],"token":"pbpfpgmcsrqs7v1humm4sl5bk1"}
2015-02-13 15:53:47 GET{"cmd":"Currency","filter":["id","names","abbreviation","symbol","exchangerate"],"token":"pbpfpgmcsrqs7v1humm4sl5bk1"}
2015-02-13 15:53:48 GET{"cmd":"Province","filter":["id","name"]}
2015-02-13 15:53:48 GET{"cmd":"Product","filter":["id","longnames","size","picture","price","unit","amount","weight"],"cond":[{"field":"id","value":["1","2"],"operator":"in"}]}
2015-02-13 15:53:48 GET{"cmd":"Bill","filter":["id","name"]}
2015-02-13 15:53:48 GET{"cmd":"BillFree","cond":[{"field":"userid","value":"?","operator":"eq"}],"filter":["id","name"],"token":""}
2015-02-13 15:53:48 GET{"cmd":"BillSale","cond":[{"field":"userid","value":"?","operator":"eq"}],"filter":["id","name","address","tel","duty","bank","account"]}
2015-02-13 15:53:48 GET{"cmd":"BillContent","filter":["id","name"]}
2015-02-13 15:53:48 GET{"cmd":"Payment","filter":["id","name","note","url","urltext"]}
2015-02-13 15:53:48 GET{"cmd":"Transport","filter":["id","name","note","charges"]}
2015-02-13 15:53:48 GET{"cmd":"Consignee","cond":[{"field":"userid","value":"?userid","operator":"eq"}],"filter":["id","name","province","city","zone","address","email","mobile","tel","postcard"],"token":"pbpfpgmcsrqs7v1humm4sl5bk1"}
2015-02-13 15:53:49 GET{"cmd":"City","filter":["id","name"],"cond":[{"field":"id","value":"3200","operator":"ge"},{"field":"id","value":"3299","operator":"le"}]}
2015-02-13 15:53:49 GET{"cmd":"District","filter":["id","name"],"cond":[{"field":"id","value":"320700","operator":"ge"},{"field":"id","value":"320799","operator":"le"}]}
2015-02-13 15:56:47 GET{"cmd":"ShowOrderInfo","token":"undefined"}
2015-02-13 15:56:47 GET{"cmd":"Order","cond":[{"field":"userid","value":"?userid","operator":"eq"}],"filter":["id","code","products","shipdate","consigneeid","paymentid","transportid","billtypeid","billid","billcontentid","carriagecharge","time","stateid","note"],"params":{"products":["id","orderid","proid","number","price","returnnow","modlcharge","moldingnumber","drynumber","firingnumber","packagenumber","evalid","feelid"]}}
2015-02-13 15:56:48 GET{"cmd":"Qiye","cond":[{"field":"id","value":"1","operator":"eq"}],"filter":["id","names","domain","qq","tel","fax","addresses","email","techid","busiid","introductions","icp"],"token":"pbpfpgmcsrqs7v1humm4sl5bk1"}
2015-02-13 15:56:48 GET{"cmd":"Navigation","filter":["id","names","command"],"token":"pbpfpgmcsrqs7v1humm4sl5bk1"}
2015-02-13 15:56:48 GET{"cmd":"Language","filter":["id","name_en"],"token":"pbpfpgmcsrqs7v1humm4sl5bk1"}
2015-02-13 15:56:48 GET{"cmd":"Currency","filter":["id","names","abbreviation","symbol","exchangerate"],"token":"pbpfpgmcsrqs7v1humm4sl5bk1"}
2015-02-13 15:56:48 GET{"cmd":"Province","filter":["id","name"]}
2015-02-13 15:56:48 GET{"cmd":"Product","filter":["id","longnames","size","picture","price","unit","amount","weight"],"cond":[{"field":"id","value":["1","2"],"operator":"in"}]}
2015-02-13 15:56:48 GET{"cmd":"Bill","filter":["id","name"]}
2015-02-13 15:56:48 GET{"cmd":"BillFree","cond":[{"field":"userid","value":"?","operator":"eq"}],"filter":["id","name"],"token":""}
2015-02-13 15:56:49 GET{"cmd":"BillSale","cond":[{"field":"userid","value":"?","operator":"eq"}],"filter":["id","name","address","tel","duty","bank","account"]}
2015-02-13 15:56:49 GET{"cmd":"BillContent","filter":["id","name"]}
2015-02-13 15:56:49 GET{"cmd":"Payment","filter":["id","name","note","url","urltext"]}
2015-02-13 15:56:49 GET{"cmd":"Transport","filter":["id","name","note","charges"]}
2015-02-13 15:56:49 GET{"cmd":"Consignee","cond":[{"field":"userid","value":"?userid","operator":"eq"}],"filter":["id","name","province","city","zone","address","email","mobile","tel","postcard"],"token":"pbpfpgmcsrqs7v1humm4sl5bk1"}
2015-02-13 15:56:49 GET{"cmd":"City","filter":["id","name"],"cond":[{"field":"id","value":"3200","operator":"ge"},{"field":"id","value":"3299","operator":"le"}]}
2015-02-13 15:56:49 GET{"cmd":"District","filter":["id","name"],"cond":[{"field":"id","value":"320700","operator":"ge"},{"field":"id","value":"320799","operator":"le"}]}
2015-02-13 16:00:10 GET{"cmd":"ShowOrderInfo","token":"undefined"}
2015-02-13 16:00:10 GET{"cmd":"Order","cond":[{"field":"userid","value":"?userid","operator":"eq"}],"filter":["id","code","products","shipdate","consigneeid","paymentid","transportid","billtypeid","billid","billcontentid","carriagecharge","time","stateid","note"],"params":{"products":["id","orderid","proid","number","price","returnnow","modlcharge","moldingnumber","drynumber","firingnumber","packagenumber","evalid","feelid"]}}
2015-02-13 16:00:11 GET{"cmd":"Qiye","cond":[{"field":"id","value":"1","operator":"eq"}],"filter":["id","names","domain","qq","tel","fax","addresses","email","techid","busiid","introductions","icp"],"token":"pbpfpgmcsrqs7v1humm4sl5bk1"}
2015-02-13 16:00:11 GET{"cmd":"Navigation","filter":["id","names","command"],"token":"pbpfpgmcsrqs7v1humm4sl5bk1"}
2015-02-13 16:00:11 GET{"cmd":"Language","filter":["id","name_en"],"token":"pbpfpgmcsrqs7v1humm4sl5bk1"}
2015-02-13 16:00:11 GET{"cmd":"Currency","filter":["id","names","abbreviation","symbol","exchangerate"],"token":"pbpfpgmcsrqs7v1humm4sl5bk1"}
2015-02-13 16:00:11 GET{"cmd":"Province","filter":["id","name"]}
2015-02-13 16:00:11 GET{"cmd":"Product","filter":["id","longnames","size","picture","price","unit","amount","weight"],"cond":[{"field":"id","value":["1","2"],"operator":"in"}]}
2015-02-13 16:00:11 GET{"cmd":"Bill","filter":["id","name"]}
2015-02-13 16:00:11 GET{"cmd":"BillFree","cond":[{"field":"userid","value":"?","operator":"eq"}],"filter":["id","name"],"token":""}
2015-02-13 16:00:11 GET{"cmd":"BillSale","cond":[{"field":"userid","value":"?","operator":"eq"}],"filter":["id","name","address","tel","duty","bank","account"]}
2015-02-13 16:00:11 GET{"cmd":"BillContent","filter":["id","name"]}
2015-02-13 16:00:12 GET{"cmd":"Payment","filter":["id","name","note","url","urltext"]}
2015-02-13 16:00:12 GET{"cmd":"Transport","filter":["id","name","note","charges"]}
2015-02-13 16:00:12 GET{"cmd":"Consignee","cond":[{"field":"userid","value":"?userid","operator":"eq"}],"filter":["id","name","province","city","zone","address","email","mobile","tel","postcard"],"token":"pbpfpgmcsrqs7v1humm4sl5bk1"}
2015-02-13 16:00:12 GET{"cmd":"City","filter":["id","name"],"cond":[{"field":"id","value":"3200","operator":"ge"},{"field":"id","value":"3299","operator":"le"}]}
2015-02-13 16:00:12 GET{"cmd":"District","filter":["id","name"],"cond":[{"field":"id","value":"320700","operator":"ge"},{"field":"id","value":"320799","operator":"le"}]}
2015-02-13 16:00:39 GET{"cmd":"ShowOrderInfo","token":"undefined"}
2015-02-13 16:00:40 GET{"cmd":"Order","cond":[{"field":"userid","value":"?userid","operator":"eq"}],"filter":["id","code","products","shipdate","consigneeid","paymentid","transportid","billtypeid","billid","billcontentid","carriagecharge","time","stateid","note"],"params":{"products":["id","orderid","proid","number","price","returnnow","modlcharge","moldingnumber","drynumber","firingnumber","packagenumber","evalid","feelid"]}}
2015-02-13 16:00:40 GET{"cmd":"Qiye","cond":[{"field":"id","value":"1","operator":"eq"}],"filter":["id","names","domain","qq","tel","fax","addresses","email","techid","busiid","introductions","icp"],"token":"pbpfpgmcsrqs7v1humm4sl5bk1"}
2015-02-13 16:00:40 GET{"cmd":"Navigation","filter":["id","names","command"],"token":"pbpfpgmcsrqs7v1humm4sl5bk1"}
2015-02-13 16:00:40 GET{"cmd":"Language","filter":["id","name_en"],"token":"pbpfpgmcsrqs7v1humm4sl5bk1"}
2015-02-13 16:00:40 GET{"cmd":"Currency","filter":["id","names","abbreviation","symbol","exchangerate"],"token":"pbpfpgmcsrqs7v1humm4sl5bk1"}
2015-02-13 16:00:40 GET{"cmd":"Province","filter":["id","name"]}
2015-02-13 16:00:40 GET{"cmd":"Product","filter":["id","longnames","size","picture","price","unit","amount","weight"],"cond":[{"field":"id","value":["1","2"],"operator":"in"}]}
2015-02-13 16:00:40 GET{"cmd":"Bill","filter":["id","name"]}
2015-02-13 16:00:40 GET{"cmd":"BillFree","cond":[{"field":"userid","value":"?","operator":"eq"}],"filter":["id","name"],"token":""}
2015-02-13 16:00:41 GET{"cmd":"BillSale","cond":[{"field":"userid","value":"?","operator":"eq"}],"filter":["id","name","address","tel","duty","bank","account"]}
2015-02-13 16:00:41 GET{"cmd":"BillContent","filter":["id","name"]}
2015-02-13 16:00:41 GET{"cmd":"Payment","filter":["id","name","note","url","urltext"]}
2015-02-13 16:00:41 GET{"cmd":"Transport","filter":["id","name","note","charges"]}
2015-02-13 16:00:41 GET{"cmd":"Consignee","cond":[{"field":"userid","value":"?userid","operator":"eq"}],"filter":["id","name","province","city","zone","address","email","mobile","tel","postcard"],"token":"pbpfpgmcsrqs7v1humm4sl5bk1"}
2015-02-13 16:00:41 GET{"cmd":"City","filter":["id","name"],"cond":[{"field":"id","value":"3200","operator":"ge"},{"field":"id","value":"3299","operator":"le"}]}
2015-02-13 16:00:41 GET{"cmd":"District","filter":["id","name"],"cond":[{"field":"id","value":"320700","operator":"ge"},{"field":"id","value":"320799","operator":"le"}]}
2015-02-13 16:01:02 GET{"cmd":"ShowOrderInfo","token":"undefined"}
2015-02-13 16:01:03 GET{"cmd":"Order","cond":[{"field":"userid","value":"?userid","operator":"eq"}],"filter":["id","code","products","shipdate","consigneeid","paymentid","transportid","billtypeid","billid","billcontentid","carriagecharge","time","stateid","note"],"params":{"products":["id","orderid","proid","number","price","returnnow","modlcharge","moldingnumber","drynumber","firingnumber","packagenumber","evalid","feelid"]}}
2015-02-13 16:01:03 GET{"cmd":"Qiye","cond":[{"field":"id","value":"1","operator":"eq"}],"filter":["id","names","domain","qq","tel","fax","addresses","email","techid","busiid","introductions","icp"],"token":"pbpfpgmcsrqs7v1humm4sl5bk1"}
2015-02-13 16:01:03 GET{"cmd":"Navigation","filter":["id","names","command"],"token":"pbpfpgmcsrqs7v1humm4sl5bk1"}
2015-02-13 16:01:03 GET{"cmd":"Language","filter":["id","name_en"],"token":"pbpfpgmcsrqs7v1humm4sl5bk1"}
2015-02-13 16:01:03 GET{"cmd":"Currency","filter":["id","names","abbreviation","symbol","exchangerate"],"token":"pbpfpgmcsrqs7v1humm4sl5bk1"}
2015-02-13 16:01:03 GET{"cmd":"Province","filter":["id","name"]}
2015-02-13 16:01:03 GET{"cmd":"Product","filter":["id","longnames","size","picture","price","unit","amount","weight"],"cond":[{"field":"id","value":["1","2"],"operator":"in"}]}
2015-02-13 16:01:04 GET{"cmd":"Bill","filter":["id","name"]}
2015-02-13 16:01:04 GET{"cmd":"BillFree","cond":[{"field":"userid","value":"?","operator":"eq"}],"filter":["id","name"],"token":""}
2015-02-13 16:01:04 GET{"cmd":"BillSale","cond":[{"field":"userid","value":"?","operator":"eq"}],"filter":["id","name","address","tel","duty","bank","account"]}
2015-02-13 16:01:04 GET{"cmd":"BillContent","filter":["id","name"]}
2015-02-13 16:01:04 GET{"cmd":"Payment","filter":["id","name","note","url","urltext"]}
2015-02-13 16:01:04 GET{"cmd":"Transport","filter":["id","name","note","charges"]}
2015-02-13 16:01:04 GET{"cmd":"Consignee","cond":[{"field":"userid","value":"?userid","operator":"eq"}],"filter":["id","name","province","city","zone","address","email","mobile","tel","postcard"],"token":"pbpfpgmcsrqs7v1humm4sl5bk1"}
2015-02-13 16:01:04 GET{"cmd":"City","filter":["id","name"],"cond":[{"field":"id","value":"3200","operator":"ge"},{"field":"id","value":"3299","operator":"le"}]}
2015-02-13 16:01:04 GET{"cmd":"District","filter":["id","name"],"cond":[{"field":"id","value":"320700","operator":"ge"},{"field":"id","value":"320799","operator":"le"}]}
2015-02-13 16:02:16 GET{"cmd":"ShowOrderInfo","token":"undefined"}
2015-02-13 16:02:17 GET{"cmd":"Order","cond":[{"field":"userid","value":"?userid","operator":"eq"}],"filter":["id","code","products","shipdate","consigneeid","paymentid","transportid","billtypeid","billid","billcontentid","carriagecharge","time","stateid","note"],"params":{"products":["id","orderid","proid","number","price","returnnow","modlcharge","moldingnumber","drynumber","firingnumber","packagenumber","evalid","feelid"]}}
2015-02-13 16:02:17 GET{"cmd":"Qiye","cond":[{"field":"id","value":"1","operator":"eq"}],"filter":["id","names","domain","qq","tel","fax","addresses","email","techid","busiid","introductions","icp"],"token":"pbpfpgmcsrqs7v1humm4sl5bk1"}
2015-02-13 16:02:17 GET{"cmd":"Navigation","filter":["id","names","command"],"token":"pbpfpgmcsrqs7v1humm4sl5bk1"}
2015-02-13 16:02:17 GET{"cmd":"Language","filter":["id","name_en"],"token":"pbpfpgmcsrqs7v1humm4sl5bk1"}
2015-02-13 16:02:17 GET{"cmd":"Currency","filter":["id","names","abbreviation","symbol","exchangerate"],"token":"pbpfpgmcsrqs7v1humm4sl5bk1"}
2015-02-13 16:02:17 GET{"cmd":"Province","filter":["id","name"]}
2015-02-13 16:02:18 GET{"cmd":"Product","filter":["id","longnames","size","picture","price","unit","amount","weight"],"cond":[{"field":"id","value":["1","2"],"operator":"in"}]}
2015-02-13 16:02:18 GET{"cmd":"Bill","filter":["id","name"]}
2015-02-13 16:02:18 GET{"cmd":"BillFree","cond":[{"field":"userid","value":"?","operator":"eq"}],"filter":["id","name"],"token":""}
2015-02-13 16:02:18 GET{"cmd":"BillSale","cond":[{"field":"userid","value":"?","operator":"eq"}],"filter":["id","name","address","tel","duty","bank","account"]}
2015-02-13 16:02:18 GET{"cmd":"BillContent","filter":["id","name"]}
2015-02-13 16:02:18 GET{"cmd":"Payment","filter":["id","name","note","url","urltext"]}
2015-02-13 16:02:18 GET{"cmd":"Transport","filter":["id","name","note","charges"]}
2015-02-13 16:02:18 GET{"cmd":"Consignee","cond":[{"field":"userid","value":"?userid","operator":"eq"}],"filter":["id","name","province","city","zone","address","email","mobile","tel","postcard"],"token":"pbpfpgmcsrqs7v1humm4sl5bk1"}
2015-02-13 16:02:18 GET{"cmd":"City","filter":["id","name"],"cond":[{"field":"id","value":"3200","operator":"ge"},{"field":"id","value":"3299","operator":"le"}]}
2015-02-13 16:02:18 GET{"cmd":"District","filter":["id","name"],"cond":[{"field":"id","value":"320700","operator":"ge"},{"field":"id","value":"320799","operator":"le"}]}
2015-02-13 16:09:10 GET{"cmd":"ShowOrderInfo","token":"undefined"}
2015-02-13 16:09:11 GET{"cmd":"Order","cond":[{"field":"userid","value":"?userid","operator":"eq"}],"filter":["id","code","products","shipdate","consigneeid","paymentid","transportid","billtypeid","billid","billcontentid","carriagecharge","time","stateid","note"],"params":{"products":["id","orderid","proid","number","price","returnnow","modlcharge","moldingnumber","drynumber","firingnumber","packagenumber","evalid","feelid"]}}
2015-02-13 16:09:11 GET{"cmd":"Qiye","cond":[{"field":"id","value":"1","operator":"eq"}],"filter":["id","names","domain","qq","tel","fax","addresses","email","techid","busiid","introductions","icp"],"token":"pbpfpgmcsrqs7v1humm4sl5bk1"}
2015-02-13 16:09:11 GET{"cmd":"Navigation","filter":["id","names","command"],"token":"pbpfpgmcsrqs7v1humm4sl5bk1"}
2015-02-13 16:09:11 GET{"cmd":"Language","filter":["id","name_en"],"token":"pbpfpgmcsrqs7v1humm4sl5bk1"}
2015-02-13 16:09:11 GET{"cmd":"Currency","filter":["id","names","abbreviation","symbol","exchangerate"],"token":"pbpfpgmcsrqs7v1humm4sl5bk1"}
2015-02-13 16:09:11 GET{"cmd":"Province","filter":["id","name"]}
2015-02-13 16:09:11 GET{"cmd":"Product","filter":["id","longnames","size","picture","price","unit","amount","weight"],"cond":[{"field":"id","value":["1","2"],"operator":"in"}]}
2015-02-13 16:09:11 GET{"cmd":"Bill","filter":["id","name"]}
2015-02-13 16:09:12 GET{"cmd":"BillFree","cond":[{"field":"userid","value":"?","operator":"eq"}],"filter":["id","name"],"token":""}
2015-02-13 16:09:12 GET{"cmd":"BillSale","cond":[{"field":"userid","value":"?","operator":"eq"}],"filter":["id","name","address","tel","duty","bank","account"]}
2015-02-13 16:09:12 GET{"cmd":"BillContent","filter":["id","name"]}
2015-02-13 16:09:12 GET{"cmd":"Payment","filter":["id","name","note","url","urltext"]}
2015-02-13 16:09:12 GET{"cmd":"Transport","filter":["id","name","note","charges"]}
2015-02-13 16:09:12 GET{"cmd":"Consignee","cond":[{"field":"userid","value":"?userid","operator":"eq"}],"filter":["id","name","province","city","zone","address","email","mobile","tel","postcard"],"token":"pbpfpgmcsrqs7v1humm4sl5bk1"}
2015-02-13 16:09:12 GET{"cmd":"City","filter":["id","name"],"cond":[{"field":"id","value":"3200","operator":"ge"},{"field":"id","value":"3299","operator":"le"}]}
2015-02-13 16:09:12 GET{"cmd":"District","filter":["id","name"],"cond":[{"field":"id","value":"320700","operator":"ge"},{"field":"id","value":"320799","operator":"le"}]}
